<?xml version="1.0" encoding="UTF-8"?>
<!-- Generated by org.testng.reporters.JUnitReportReporter -->
<testsuite hostname="DESKTOP-1J8V2O0" failures="0" tests="1" name="Tests.ShoopingCartPageTest" time="11.705" errors="0" timestamp="2024-01-22T15:06:55 IST" skipped="0">
  <testcase classname="Tests.ShoopingCartPageTest" name="ProductAddToShoopingCartTest" time="11.705"/>
</testsuite> <!-- Tests.ShoopingCartPageTest -->
