<?xml version="1.0" encoding="UTF-8"?>
<!-- Generated by org.testng.reporters.JUnitReportReporter -->
<testsuite hostname="DESKTOP-1J8V2O0" failures="0" tests="2" name="Tests.HomePageTest" time="11.424" errors="0" timestamp="2024-01-23T14:17:43 IST" skipped="0">
  <testcase classname="Tests.HomePageTest" name="HomePageTitleTest" time="5.401"/>
  <testcase classname="Tests.HomePageTest" name="LogoImageTest" time="6.023"/>
</testsuite> <!-- Tests.HomePageTest -->
