<?xml version="1.0" encoding="UTF-8"?>
<!-- Generated by org.testng.reporters.JUnitReportReporter -->
<testsuite hostname="DESKTOP-1J8V2O0" failures="0" tests="1" name="Tests.SearchResultPageTest" time="34.791" errors="0" timestamp="2024-01-22T16:27:00 IST" skipped="0">
  <testcase classname="Tests.SearchResultPageTest" name="SearchedProductAvailabilityTest" time="34.791"/>
</testsuite> <!-- Tests.SearchResultPageTest -->
